<?xml version="1.0" encoding="UTF-8"?>
<!-- Generated by org.testng.reporters.JUnitReportReporter -->
<testsuite hostname="Sirisha" failures="0" tests="2" name="pack1.TC013" time="20.727" errors="0" timestamp="2025-08-18T16:40:23 IST" skipped="0">
  <testcase classname="pack1.TC013" name="f" time="8.715"/>
  <testcase classname="pack1.TC013" name="f" time="12.012"/>
</testsuite> <!-- pack1.TC013 -->
