<?xml version="1.0" encoding="UTF-8"?>
<!-- Generated by org.testng.reporters.JUnitReportReporter -->
<testsuite hostname="Sirisha" failures="0" tests="1" name="Questions.Q3" time="5.524" errors="0" timestamp="2025-08-26T14:56:28 IST" skipped="0">
  <testcase classname="Questions.Q3" name="searchAmazon" time="5.524"/>
</testsuite> <!-- Questions.Q3 -->
