<?xml version="1.0" encoding="UTF-8"?>
<!-- Generated by org.testng.reporters.JUnitReportReporter -->
<testsuite hostname="Sirisha" failures="0" tests="1" name="Questions.Q9" time="1.464" errors="0" timestamp="2025-08-26T14:44:45 IST" skipped="0">
  <testcase classname="Questions.Q9" name="captureScreenshot" time="1.464"/>
</testsuite> <!-- Questions.Q9 -->
