<?xml version="1.0" encoding="UTF-8"?>
<!-- Generated by org.testng.reporters.JUnitReportReporter -->
<testsuite hostname="Sirisha" failures="0" tests="1" name="Questions.Q2" time="9.897" errors="0" timestamp="2025-08-26T12:26:17 IST" skipped="0">
  <testcase classname="Questions.Q2" name="loginTest" time="9.897"/>
</testsuite> <!-- Questions.Q2 -->
