<?xml version="1.0" encoding="UTF-8"?>
<!-- Generated by org.testng.reporters.JUnitReportReporter -->
<testsuite hostname="Sirisha" failures="0" tests="1" name="jenkins.jenkinstest" time="12.958" errors="0" timestamp="2025-08-28T18:30:07 IST" skipped="0">
  <testcase classname="jenkins.jenkinstest" name="f" time="12.958"/>
</testsuite> <!-- jenkins.jenkinstest -->
