<?xml version="1.0" encoding="UTF-8"?>
<!-- Generated by org.testng.reporters.JUnitReportReporter -->
<testsuite hostname="Sirisha" failures="0" tests="3" name="TestNG_programs.org_TestNG" time="26.644" errors="0" timestamp="2025-08-20T16:13:57 IST" skipped="0">
  <testcase classname="TestNG_programs.org_TestNG" name="f" time="11.395"/>
  <testcase classname="TestNG_programs.org_TestNG" name="f" time="7.959"/>
  <testcase classname="TestNG_programs.org_TestNG" name="f" time="7.290"/>
</testsuite> <!-- TestNG_programs.org_TestNG -->
