<?xml version="1.0" encoding="UTF-8"?>
<!-- Generated by org.testng.reporters.JUnitReportReporter -->
<testsuite hostname="Sirisha" failures="0" tests="1" name="Questions.Q5" time="5.019" errors="0" timestamp="2025-08-26T14:33:35 IST" skipped="0">
  <testcase classname="Questions.Q5" name="handleAlertPopup" time="5.019"/>
</testsuite> <!-- Questions.Q5 -->
