<?xml version="1.0" encoding="UTF-8"?>
<!-- Generated by org.testng.reporters.JUnitReportReporter -->
<testsuite hostname="Sirisha" failures="0" tests="2" name="TestNG_programs.Lab11_2_3_TestNG_pagefactory" time="12.190" errors="0" timestamp="2025-08-20T14:01:41 IST" skipped="0">
  <testcase classname="TestNG_programs.Lab11_2_3_TestNG_pagefactory" name="f" time="6.683"/>
  <testcase classname="TestNG_programs.Lab11_2_3_TestNG_pagefactory" name="f" time="5.507"/>
</testsuite> <!-- TestNG_programs.Lab11_2_3_TestNG_pagefactory -->
