<?xml version="1.0" encoding="UTF-8"?>
<!-- Generated by org.testng.reporters.JUnitReportReporter -->
<testsuite hostname="Sirisha" failures="0" tests="2" name="TestNG_programs.NewTest" time="33.494" errors="0" timestamp="2025-08-18T15:00:15 IST" skipped="0">
  <testcase classname="TestNG_programs.NewTest" name="f" time="14.541"/>
  <testcase classname="TestNG_programs.NewTest" name="f" time="18.953"/>
</testsuite> <!-- TestNG_programs.NewTest -->
