<?xml version="1.0" encoding="UTF-8"?>
<!-- Generated by org.testng.reporters.JUnitReportReporter -->
<testsuite hostname="Sirisha" failures="0" tests="2" name="TestNG_programs.Lab15" time="16.732" errors="0" timestamp="2025-08-22T10:02:32 IST" skipped="0">
  <testcase classname="TestNG_programs.Lab15" name="f" time="8.725"/>
  <testcase classname="TestNG_programs.Lab15" name="f" time="8.007"/>
</testsuite> <!-- TestNG_programs.Lab15 -->
