<?xml version="1.0" encoding="UTF-8"?>
<!-- Generated by org.testng.reporters.JUnitReportReporter -->
<testsuite hostname="Sirisha" failures="0" tests="2" name="com.orangehrm.tests.LoginOrangeHRM" time="16.084" errors="0" timestamp="2025-08-23T17:17:16 IST" skipped="0">
  <testcase classname="com.orangehrm.tests.LoginOrangeHRM" name="loginTest" time="9.345"/>
  <testcase classname="com.orangehrm.tests.LoginOrangeHRM" name="loginTest" time="6.739"/>
</testsuite> <!-- com.orangehrm.tests.LoginOrangeHRM -->
