<?xml version="1.0" encoding="UTF-8"?>
<!-- Generated by org.testng.reporters.JUnitReportReporter -->
<testsuite hostname="Sirisha" failures="0" tests="1" name="Questions.Q6" time="4.034" errors="0" timestamp="2025-08-26T14:38:12 IST" skipped="0">
  <testcase classname="Questions.Q6" name="handleCheckboxes" time="4.034"/>
</testsuite> <!-- Questions.Q6 -->
