<?xml version="1.0" encoding="UTF-8"?>
<!-- Generated by org.testng.reporters.JUnitReportReporter -->
<testsuite hostname="Sirisha" failures="0" tests="1" name="Questions.Q8" time="4.076" errors="0" timestamp="2025-08-26T14:42:09 IST" skipped="0">
  <testcase classname="Questions.Q8" name="handleMultipleWindows" time="4.076"/>
</testsuite> <!-- Questions.Q8 -->
