<?xml version="1.0" encoding="UTF-8"?>
<!-- Generated by org.testng.reporters.JUnitReportReporter -->
<testsuite hostname="Sirisha" failures="0" tests="2" name="TestNG_programs.Lab11_pagefactory" time="17.922" errors="0" timestamp="2025-08-20T11:46:01 IST" skipped="0">
  <testcase classname="TestNG_programs.Lab11_pagefactory" name="f" time="7.742"/>
  <testcase classname="TestNG_programs.Lab11_pagefactory" name="f" time="10.180"/>
</testsuite> <!-- TestNG_programs.Lab11_pagefactory -->
