<?xml version="1.0" encoding="UTF-8"?>
<!-- Generated by org.testng.reporters.JUnitReportReporter -->
<testsuite hostname="Sirisha" failures="0" tests="2" name="TestNG_programs.Lab8_2_TestNG" time="12.340" errors="0" timestamp="2025-08-20T12:18:24 IST" skipped="0">
  <testcase classname="TestNG_programs.Lab8_2_TestNG" name="f" time="5.378"/>
  <testcase classname="TestNG_programs.Lab8_2_TestNG" name="f" time="6.962"/>
</testsuite> <!-- TestNG_programs.Lab8_2_TestNG -->
