<?xml version="1.0" encoding="UTF-8"?>
<!-- Generated by org.testng.reporters.JUnitReportReporter -->
<testsuite hostname="Sirisha" failures="0" tests="2" name="com.orangehrm.tests.LoginOrangeHRM" time="15.729" errors="0" timestamp="2025-08-26T17:19:11 IST" skipped="0">
  <testcase classname="com.orangehrm.tests.LoginOrangeHRM" name="loginTest" time="6.570"/>
  <testcase classname="com.orangehrm.tests.LoginOrangeHRM" name="loginTest" time="9.159"/>
</testsuite> <!-- com.orangehrm.tests.LoginOrangeHRM -->
