<?xml version="1.0" encoding="UTF-8"?>
<!-- Generated by org.testng.reporters.JUnitReportReporter -->
<testsuite hostname="Sirisha" failures="0" tests="3" name="TestNG_programs.NewTest1" time="7.428" errors="0" timestamp="2025-08-19T10:53:05 IST" skipped="0">
  <testcase classname="TestNG_programs.NewTest1" name="test3" time="4.355"/>
  <testcase classname="TestNG_programs.NewTest1" name="test2" time="1.121"/>
  <testcase classname="TestNG_programs.NewTest1" name="test1" time="1.952"/>
</testsuite> <!-- TestNG_programs.NewTest1 -->
