<?xml version="1.0" encoding="UTF-8"?>
<!-- Generated by org.testng.reporters.JUnitReportReporter -->
<testsuite hostname="Sirisha" failures="0" tests="3" name="TestNG_program.org_TestNG" time="46.295" errors="0" timestamp="2025-08-22T16:51:26 IST" skipped="0">
  <testcase classname="TestNG_program.org_TestNG" name="f" time="14.296"/>
  <testcase classname="TestNG_program.org_TestNG" name="f" time="18.614"/>
  <testcase classname="TestNG_program.org_TestNG" name="f" time="13.385"/>
</testsuite> <!-- TestNG_program.org_TestNG -->
