<?xml version="1.0" encoding="UTF-8"?>
<!-- Generated by org.testng.reporters.JUnitReportReporter -->
<testsuite hostname="Sirisha" failures="0" tests="2" name="TestNG_programs.Lab11_1_TestNG" time="11.705" errors="0" timestamp="2025-08-20T12:17:26 IST" skipped="0">
  <testcase classname="TestNG_programs.Lab11_1_TestNG" name="f" time="6.378"/>
  <testcase classname="TestNG_programs.Lab11_1_TestNG" name="f" time="5.327"/>
</testsuite> <!-- TestNG_programs.Lab11_1_TestNG -->
