<?xml version="1.0" encoding="UTF-8"?>
<!-- Generated by org.testng.reporters.JUnitReportReporter -->
<testsuite hostname="Sirisha" failures="0" tests="3" name="TestNG_programs.NewTest2" time="35.222" errors="0" timestamp="2025-08-19T10:17:32 IST" skipped="0">
  <testcase classname="TestNG_programs.NewTest2" name="Test2" time="22.427"/>
  <testcase classname="TestNG_programs.NewTest2" name="Test2" time="5.015"/>
  <testcase classname="TestNG_programs.NewTest2" name="Test2" time="7.780"/>
</testsuite> <!-- TestNG_programs.NewTest2 -->
