<?xml version="1.0" encoding="UTF-8"?>
<!-- Generated by org.testng.reporters.JUnitReportReporter -->
<testsuite hostname="Sirisha" failures="0" tests="1" name="Questions.Q1" time="6.386" errors="0" timestamp="2025-08-26T09:43:59 IST" skipped="0">
  <testcase classname="Questions.Q1" name="PrintTitle" time="6.386"/>
</testsuite> <!-- Questions.Q1 -->
