<?xml version="1.0" encoding="UTF-8"?>
<!-- Generated by org.testng.reporters.JUnitReportReporter -->
<testsuite hostname="Sirisha" failures="0" tests="2" name="TestNG_programs.Lab14_TestNG" time="10.516" errors="0" timestamp="2025-08-21T12:33:34 IST" skipped="0">
  <testcase classname="TestNG_programs.Lab14_TestNG" name="f" time="6.779"/>
  <testcase classname="TestNG_programs.Lab14_TestNG" name="f" time="3.737"/>
</testsuite> <!-- TestNG_programs.Lab14_TestNG -->
