<?xml version="1.0" encoding="UTF-8"?>
<!-- Generated by org.testng.reporters.JUnitReportReporter -->
<testsuite hostname="Sirisha" failures="0" tests="2" name="TestNG_programs.TC0013_TestNG" time="19.774" errors="0" timestamp="2025-08-20T10:01:08 IST" skipped="0">
  <testcase classname="TestNG_programs.TC0013_TestNG" name="f" time="11.972"/>
  <testcase classname="TestNG_programs.TC0013_TestNG" name="f" time="7.802"/>
</testsuite> <!-- TestNG_programs.TC0013_TestNG -->
