<?xml version="1.0" encoding="UTF-8"?>
<!-- Generated by org.testng.reporters.JUnitReportReporter -->
<testsuite hostname="Sirisha" failures="0" tests="2" name="TestNG_programs.lab11_2_4_TestNG_pagefactory" time="24.389" errors="0" timestamp="2025-08-20T14:00:51 IST" skipped="0">
  <testcase classname="TestNG_programs.lab11_2_4_TestNG_pagefactory" name="f" time="14.388"/>
  <testcase classname="TestNG_programs.lab11_2_4_TestNG_pagefactory" name="f" time="10.001"/>
</testsuite> <!-- TestNG_programs.lab11_2_4_TestNG_pagefactory -->
