<?xml version="1.0" encoding="UTF-8"?>
<!-- Generated by org.testng.reporters.JUnitReportReporter -->
<testsuite hostname="Sirisha" failures="0" tests="2" name="TestNG_programs.Lab16_exp" time="23.855" errors="0" timestamp="2025-08-22T16:18:49 IST" skipped="0">
  <testcase classname="TestNG_programs.Lab16_exp" name="f" time="15.678"/>
  <testcase classname="TestNG_programs.Lab16_exp" name="f" time="8.177"/>
</testsuite> <!-- TestNG_programs.Lab16_exp -->
