<?xml version="1.0" encoding="UTF-8"?>
<!-- Generated by org.testng.reporters.JUnitReportReporter -->
<testsuite hostname="Sirisha" failures="0" tests="1" name="Questions.Q7" time="4.163" errors="0" timestamp="2025-08-26T14:40:19 IST" skipped="0">
  <testcase classname="Questions.Q7" name="webTableDataExtraction" time="4.163"/>
</testsuite> <!-- Questions.Q7 -->
