<?xml version="1.0" encoding="UTF-8"?>
<!-- Generated by org.testng.reporters.JUnitReportReporter -->
<testsuite hostname="Sirisha" failures="0" tests="1" name="TestNG_programs.Lab15_1_TestNG" time="7.601" errors="0" timestamp="2025-08-22T10:42:26 IST" skipped="0">
  <testcase classname="TestNG_programs.Lab15_1_TestNG" name="registerNewUser" time="7.601"/>
</testsuite> <!-- TestNG_programs.Lab15_1_TestNG -->
