<?xml version="1.0" encoding="UTF-8"?>
<!-- Generated by org.testng.reporters.JUnitReportReporter -->
<testsuite hostname="Sirisha" failures="0" tests="2" name="TestNG_programs.Lab9_2_TestNG" time="32.541" errors="0" timestamp="2025-08-20T12:19:44 IST" skipped="0">
  <testcase classname="TestNG_programs.Lab9_2_TestNG" name="test2" time="18.136"/>
  <testcase classname="TestNG_programs.Lab9_2_TestNG" name="test2" time="14.405"/>
</testsuite> <!-- TestNG_programs.Lab9_2_TestNG -->
