<?xml version="1.0" encoding="UTF-8"?>
<!-- Generated by org.testng.reporters.JUnitReportReporter -->
<testsuite hostname="Sirisha" failures="0" tests="2" name="TestNG_programs.Lab8_1_TestNG" time="14.590" errors="0" timestamp="2025-08-20T12:18:01 IST" skipped="0">
  <testcase classname="TestNG_programs.Lab8_1_TestNG" name="f" time="6.573"/>
  <testcase classname="TestNG_programs.Lab8_1_TestNG" name="f" time="8.017"/>
</testsuite> <!-- TestNG_programs.Lab8_1_TestNG -->
