<?xml version="1.0" encoding="UTF-8"?>
<!-- Generated by org.testng.reporters.JUnitReportReporter -->
<testsuite hostname="Sirisha" failures="0" tests="2" name="TestNG_programs.TC0012_TestNG" time="32.036" errors="0" timestamp="2025-08-18T15:01:55 IST" skipped="0">
  <testcase classname="TestNG_programs.TC0012_TestNG" name="f" time="16.042"/>
  <testcase classname="TestNG_programs.TC0012_TestNG" name="f" time="15.994"/>
</testsuite> <!-- TestNG_programs.TC0012_TestNG -->
