<?xml version="1.0" encoding="UTF-8"?>
<!-- Generated by org.testng.reporters.JUnitReportReporter -->
<testsuite hostname="Sirisha" failures="0" tests="9" name="com.orangehrm.base.BaseTest" time="116.159" errors="0" timestamp="2025-08-28T18:51:40 IST" skipped="0">
  <testcase classname="com.orangehrm.base.BaseTest" name="question4_handleDropdown" time="11.424"/>
  <testcase classname="com.orangehrm.base.BaseTest" name="question1_google" time="7.941"/>
  <testcase classname="com.orangehrm.base.BaseTest" name="question2" time="12.030"/>
  <testcase classname="com.orangehrm.base.BaseTest" name="question5_handleAlertPopup" time="10.501"/>
  <testcase classname="com.orangehrm.base.BaseTest" name="question3_amazonSearchUS" time="31.109"/>
  <testcase classname="com.orangehrm.base.BaseTest" name="question6_handleCheckbox" time="11.563"/>
  <testcase classname="com.orangehrm.base.BaseTest" name="question7_webTableData" time="11.736"/>
  <testcase classname="com.orangehrm.base.BaseTest" name="question9_screenshotCapture" time="7.252"/>
  <testcase classname="com.orangehrm.base.BaseTest" name="question8_multipleWindows" time="12.603"/>
</testsuite> <!-- com.orangehrm.base.BaseTest -->
